Build started 19.11.2012 20:03:28.
     1>Project "C:\dev\space\Chipmunk-6.1.2\msvc\vc10\demo\demo.vcxproj" on node 2 (build target(s)).
     1>InitializeBuildStatus:
         Creating "Win32\Debug\demo.unsuccessfulbuild" because "AlwaysCreate" was specified.
       ClCompile:
         C:\Program Files (x86)\Microsoft Visual Studio 10.0\VC\bin\CL.exe /c /I..\..\..\include\chipmunk /I..\..\glut\include /ZI /nologo /W3 /WX- /Od /Oy- /D _CRT_SECURE_NO_WARNINGS /D _USE_MATH_DEFINES /D WIN32 /D _DEBUG /D _CONSOLE /Gm /EHsc /RTC1 /MDd /GS /fp:precise /Zc:wchar_t /Zc:forScope /Fo"Win32\Debug\\" /Fd"Win32\Debug\vc100.pdb" /Gd /TP /analyze- /errorReport:prompt ..\..\..\Demo\Bench.c ..\..\..\Demo\Buoyancy.c ..\..\..\Demo\Chains.c ..\..\..\Demo\ChipmunkDebugDraw.c ..\..\..\Demo\ChipmunkDemo.c ..\..\..\Demo\ContactGraph.c ..\..\..\Demo\Convex.c ..\..\..\Demo\Crane.c ..\..\..\Demo\Joints.c ..\..\..\Demo\LogoSmash.c ..\..\..\Demo\OneWay.c ..\..\..\Demo\Planet.c ..\..\..\Demo\Player.c ..\..\..\Demo\Plink.c ..\..\..\Demo\Pump.c ..\..\..\Demo\PyramidStack.c ..\..\..\Demo\PyramidTopple.c ..\..\..\Demo\Query.c ..\..\..\Demo\Slice.c ..\..\..\Demo\Springies.c ..\..\..\Demo\Sticky.c ..\..\..\Demo\Tank.c ..\..\..\Demo\TheoJansen.c ..\..\..\Demo\Tumble.c ..\..\..\Demo\Unicycle.c
         Unicycle.c
         Tumble.c
         TheoJansen.c
         Tank.c
         Sticky.c
         Springies.c
         Slice.c
         Query.c
         PyramidTopple.c
         PyramidStack.c
         Pump.c
         Plink.c
         Player.c
         Planet.c
         OneWay.c
         LogoSmash.c
         Joints.c
         Crane.c
         Convex.c
         ContactGraph.c
         Generating Code...
         Compiling...
         ChipmunkDemo.c
         ChipmunkDebugDraw.c
         Chains.c
         Buoyancy.c
         Bench.c
         Generating Code...
       ManifestResourceCompile:
         C:\Program Files (x86)\Microsoft SDKs\Windows\v7.0A\bin\rc.exe /nologo /fo"Win32\Debug\demo.exe.embed.manifest.res" Win32\Debug\demo_manifest.rc 
       Link:
         C:\Program Files (x86)\Microsoft Visual Studio 10.0\VC\bin\link.exe /ERRORREPORT:PROMPT /OUT:"Win32\Debug\demo.exe" /INCREMENTAL /NOLOGO /LIBPATH:..\..\glut\lib kernel32.lib user32.lib gdi32.lib winspool.lib comdlg32.lib advapi32.lib shell32.lib ole32.lib oleaut32.lib uuid.lib odbc32.lib odbccp32.lib /MANIFEST /ManifestFile:"Win32\Debug\demo.exe.intermediate.manifest" /MANIFESTUAC:"level='asInvoker' uiAccess='false'" /DEBUG /PDB:"C:\dev\space\Chipmunk-6.1.2\msvc\vc10\demo\Win32\Debug\demo.pdb" /SUBSYSTEM:CONSOLE /TLBID:1 /DYNAMICBASE /NXCOMPAT /IMPLIB:"Win32\Debug\demo.lib" /MACHINE:X86 Win32\Debug\demo.exe.embed.manifest.res
         Win32\Debug\Bench.obj
         Win32\Debug\Buoyancy.obj
         Win32\Debug\Chains.obj
         Win32\Debug\ChipmunkDebugDraw.obj
         Win32\Debug\ChipmunkDemo.obj
         Win32\Debug\ContactGraph.obj
         Win32\Debug\Convex.obj
         Win32\Debug\Crane.obj
         Win32\Debug\Joints.obj
         Win32\Debug\LogoSmash.obj
         Win32\Debug\OneWay.obj
         Win32\Debug\Planet.obj
         Win32\Debug\Player.obj
         Win32\Debug\Plink.obj
         Win32\Debug\Pump.obj
         Win32\Debug\PyramidStack.obj
         Win32\Debug\PyramidTopple.obj
         Win32\Debug\Query.obj
         Win32\Debug\Slice.obj
         Win32\Debug\Springies.obj
         Win32\Debug\Sticky.obj
         Win32\Debug\Tank.obj
         Win32\Debug\TheoJansen.obj
         Win32\Debug\Tumble.obj
         Win32\Debug\Unicycle.obj
         "C:\dev\space\Chipmunk-6.1.2\msvc\vc10\chipmunk\Win32\Debug\chipmunk.lib"
       Manifest:
         C:\Program Files (x86)\Microsoft SDKs\Windows\v7.0A\bin\mt.exe /nologo /verbose /out:"Win32\Debug\demo.exe.embed.manifest" /manifest Win32\Debug\demo.exe.intermediate.manifest
         C:\Program Files (x86)\Microsoft SDKs\Windows\v7.0A\bin\rc.exe /nologo /fo"Win32\Debug\demo.exe.embed.manifest.res" Win32\Debug\demo_manifest.rc 
       LinkEmbedManifest:
         C:\Program Files (x86)\Microsoft Visual Studio 10.0\VC\bin\link.exe /ERRORREPORT:PROMPT /OUT:"Win32\Debug\demo.exe" /INCREMENTAL /NOLOGO /LIBPATH:..\..\glut\lib kernel32.lib user32.lib gdi32.lib winspool.lib comdlg32.lib advapi32.lib shell32.lib ole32.lib oleaut32.lib uuid.lib odbc32.lib odbccp32.lib /MANIFEST /ManifestFile:"Win32\Debug\demo.exe.intermediate.manifest" /MANIFESTUAC:"level='asInvoker' uiAccess='false'" /DEBUG /PDB:"C:\dev\space\Chipmunk-6.1.2\msvc\vc10\demo\Win32\Debug\demo.pdb" /SUBSYSTEM:CONSOLE /TLBID:1 /DYNAMICBASE /NXCOMPAT /IMPLIB:"Win32\Debug\demo.lib" /MACHINE:X86 Win32\Debug\demo.exe.embed.manifest.res
         Win32\Debug\Bench.obj
         Win32\Debug\Buoyancy.obj
         Win32\Debug\Chains.obj
         Win32\Debug\ChipmunkDebugDraw.obj
         Win32\Debug\ChipmunkDemo.obj
         Win32\Debug\ContactGraph.obj
         Win32\Debug\Convex.obj
         Win32\Debug\Crane.obj
         Win32\Debug\Joints.obj
         Win32\Debug\LogoSmash.obj
         Win32\Debug\OneWay.obj
         Win32\Debug\Planet.obj
         Win32\Debug\Player.obj
         Win32\Debug\Plink.obj
         Win32\Debug\Pump.obj
         Win32\Debug\PyramidStack.obj
         Win32\Debug\PyramidTopple.obj
         Win32\Debug\Query.obj
         Win32\Debug\Slice.obj
         Win32\Debug\Springies.obj
         Win32\Debug\Sticky.obj
         Win32\Debug\Tank.obj
         Win32\Debug\TheoJansen.obj
         Win32\Debug\Tumble.obj
         Win32\Debug\Unicycle.obj
         "C:\dev\space\Chipmunk-6.1.2\msvc\vc10\chipmunk\Win32\Debug\chipmunk.lib"
         demo.vcxproj -> C:\dev\space\Chipmunk-6.1.2\msvc\vc10\demo\Win32\Debug\demo.exe
       FinalizeBuildStatus:
         Deleting file "Win32\Debug\demo.unsuccessfulbuild".
         Touching "Win32\Debug\demo.lastbuildstate".
     1>Done Building Project "C:\dev\space\Chipmunk-6.1.2\msvc\vc10\demo\demo.vcxproj" (build target(s)).

Build succeeded.

Time Elapsed 00:00:23.88
